<?xml version="1.0" encoding="UTF-8"?>
<!-- Generated by org.testng.reporters.JUnitReportReporter -->
<testsuite hostname="LAPTOP-LM5IE6SB" failures="0" tests="1" name="tesng_Fundamentals.combination" time="0.016" errors="0" timestamp="2021-11-29T18:23:32 EST" skipped="0">
  <testcase classname="tesng_Fundamentals.combination" name="test" time="0.016"/>
  <system-out/>
</testsuite> <!-- tesng_Fundamentals.combination -->
