<?xml version="1.0" encoding="UTF-8"?>
<!-- Generated by org.testng.reporters.JUnitReportReporter -->
<testsuite hostname="LAPTOP-LM5IE6SB" failures="0" tests="4" name="tesng_Fundamentals.Dependent_TestCases" time="9.508" errors="0" timestamp="2021-11-28T20:34:34 EST" skipped="0">
  <testcase classname="tesng_Fundamentals.Dependent_TestCases" name="begin" time="7.379"/>
  <system-out/>
  <testcase classname="tesng_Fundamentals.Dependent_TestCases" name="signinLinkClick" time="1.886"/>
  <system-out/>
  <testcase classname="tesng_Fundamentals.Dependent_TestCases" name="loginpage" time="0.118"/>
  <system-out/>
  <testcase classname="tesng_Fundamentals.Dependent_TestCases" name="password" time="0.125"/>
  <system-out/>
</testsuite> <!-- tesng_Fundamentals.Dependent_TestCases -->
