<?xml version="1.0" encoding="UTF-8"?>
<!-- Generated by org.testng.reporters.JUnitReportReporter -->
<testsuite hostname="LAPTOP-LM5IE6SB" failures="0" tests="2" name="classassignment.Rizwanpractice" time="5.663" errors="0" timestamp="2021-12-10T16:13:30 EST" skipped="0">
  <testcase classname="classassignment.Rizwanpractice" name="begin" time="5.630"/>
  <system-out/>
  <testcase classname="classassignment.Rizwanpractice" name="signinclick" time="0.033"/>
  <system-out/>
</testsuite> <!-- classassignment.Rizwanpractice -->
