<?xml version="1.0" encoding="UTF-8"?>
<!-- Generated by org.testng.reporters.JUnitReportReporter -->
<testsuite hostname="LAPTOP-LM5IE6SB" failures="0" tests="3" name="tesng_Fundamentals.Setting_Priority" time="0.017" errors="0" timestamp="2021-11-28T18:00:14 EST" skipped="1">
  <testcase classname="tesng_Fundamentals.Setting_Priority" name="Cat" time="0.015"/>
  <system-out/>
  <testcase classname="tesng_Fundamentals.Setting_Priority" name="Ball" time="0.002"/>
  <system-out/>
  <testcase classname="tesng_Fundamentals.Setting_Priority" name="Apple">
    <skipped/>
  </testcase> <!-- Apple -->
  <system-out/>
</testsuite> <!-- tesng_Fundamentals.Setting_Priority -->
