<?xml version="1.0" encoding="UTF-8"?>
<!-- Generated by org.testng.reporters.JUnitReportReporter -->
<testsuite hostname="LAPTOP-LM5IE6SB" failures="0" tests="5" name="tesng_Fundamentals.Program1" time="8.675" errors="0" timestamp="2021-11-28T19:27:20 EST" skipped="0">
  <testcase classname="tesng_Fundamentals.Program1" name="begin" time="6.107"/>
  <system-out/>
  <testcase classname="tesng_Fundamentals.Program1" name="signinLinkClick" time="1.915"/>
  <system-out/>
  <testcase classname="tesng_Fundamentals.Program1" name="loginpage" time="0.140"/>
  <system-out/>
  <testcase classname="tesng_Fundamentals.Program1" name="password" time="0.208"/>
  <system-out/>
  <testcase classname="tesng_Fundamentals.Program1" name="teardown" time="0.305"/>
  <system-out/>
</testsuite> <!-- tesng_Fundamentals.Program1 -->
