<?xml version="1.0" encoding="UTF-8"?>
<!-- Generated by org.testng.reporters.JUnitReportReporter -->
<testsuite hostname="LAPTOP-LM5IE6SB" failures="0" tests="1" name="tesng_Fundamentals.First_Program_TestNG" time="0.014" errors="0" timestamp="2021-11-28T16:23:25 EST" skipped="0">
  <testcase classname="tesng_Fundamentals.First_Program_TestNG" name="test" time="0.014"/>
  <system-out/>
</testsuite> <!-- tesng_Fundamentals.First_Program_TestNG -->
